<?xml version="1.0" encoding="UTF-8" ?>
<testsuite errors="0" failures="0" hostname="il-borg" name="CalcTest" skipped="0" tests="1" time="0.065" timestamp="2014-04-07T10:13:48">
  <properties>
    <property name="default.javac.source" value="1.7" />
    <property name="file.encoding.pkg" value="sun.io" />
    <property name="jnlp.signing.alias" value="" />
    <property name="javac.source" value="1.7" />
    <property name="testng.debug.mode" value="" />
    <property name="java.home" value="C:\Program Files\Java\jdk1.7.0_51\jre" />
    <property name="test.src.dir" value="test" />
    <property name="libs.JAXB-ENDORSED.javadoc" value="" />
    <property name="sun.java2d.dpiaware" value="true" />
    <property name="libs.jaxws21.src" value="" />
    <property name="javadoc.version" value="false" />
    <property name="jnlp.mixed.code" value="default" />
    <property name="libs.CopyLibs.classpath" value="C:\Users\Matthew\AppData\Roaming\NetBeans\7.4\ant\extra\org-netbeans-modules-java-j2seproject-copylibstask.jar" />
    <property name="libs.javac-api.src" value="" />
    <property name="java.endorsed.dirs" value="C:\Program Files\Java\jdk1.7.0_51\jre\lib\endorsed" />
    <property name="libs.MySQLDriver.classpath" value="C:\Program Files\NetBeans 7.4\ide\modules\ext\mysql-connector-java-5.1.23-bin.jar" />
    <property name="libs.jaxb.javadoc" value="C:\Program Files\NetBeans 7.4\ide\docs\jaxb-api-doc.zip" />
    <property name="libs.junit.maven-pom" value="" />
    <property name="libs.PostgreSQLDriver.src" value="" />
    <property name="src.dir" value="src" />
    <property name="sun.java2d.noddraw" value="true" />
    <property name="debug-args-line" value="-Xdebug" />
    <property name="netbeans.hash.code" value="unique=NB_CND0dd2edc73-a89c-47ab-8fd6-420677b2acd3_0e674d78-901d-48b1-abac-cdcb83caefa0" />
    <property name="build.sysclasspath" value="ignore" />
    <property name="have.sources" value="true" />
    <property name="includes" value="**" />
    <property name="javac.fork" value="false" />
    <property name="source.encoding" value="UTF-8" />
    <property name="libs.jaxws21.classpath" value="C:\Program Files\NetBeans 7.4\ide\modules\ext\jaxb\jaxb-impl.jar;C:\Program Files\NetBeans 7.4\ide\modules\ext\jaxb\jaxb-xjc.jar;C:\Users\Matthew\AppData\Roaming\NetBeans\7.4\modules\ext\jaxws22\FastInfoset.jar;C:\Users\Matthew\AppData\Roaming\NetBeans\7.4\modules\ext\jaxws22\gmbal-api-only.jar;C:\Users\Matthew\AppData\Roaming\NetBeans\7.4\modules\ext\jaxws22\ha-api.jar;C:\Users\Matthew\AppData\Roaming\NetBeans\7.4\modules\ext\jaxws22\javax.mail_1.4.jar;C:\Users\Matthew\AppData\Roaming\NetBeans\7.4\modules\ext\jaxws22\jaxws-rt.jar;C:\Users\Matthew\AppData\Roaming\NetBeans\7.4\modules\ext\jaxws22\jaxws-tools.jar;C:\Users\Matthew\AppData\Roaming\NetBeans\7.4\modules\ext\jaxws22\management-api.jar;C:\Users\Matthew\AppData\Roaming\NetBeans\7.4\modules\ext\jaxws22\mimepull.jar;C:\Users\Matthew\AppData\Roaming\NetBeans\7.4\modules\ext\jaxws22\policy.jar;C:\Users\Matthew\AppData\Roaming\NetBeans\7.4\modules\ext\jaxws22\saaj-impl.jar;C:\Users\Matthew\AppData\Roaming\NetBeans\7.4\modules\ext\jaxws22\stax-ex.jar;C:\Users\Matthew\AppData\Roaming\NetBeans\7.4\modules\ext\jaxws22\stax2-api.jar;C:\Users\Matthew\AppData\Roaming\NetBeans\7.4\modules\ext\jaxws22\streambuffer.jar;C:\Users\Matthew\AppData\Roaming\NetBeans\7.4\modules\ext\jaxws22\woodstox-core-asl.jar;C:\Users\Matthew\AppData\Roaming\NetBeans\7.4\modules\ext\jaxws22\api\jaxws-api.jar;C:\Users\Matthew\AppData\Roaming\NetBeans\7.4\modules\ext\jaxws22\api\jsr181-api.jar;C:\Users\Matthew\AppData\Roaming\NetBeans\7.4\modules\ext\jaxws22\api\javax.annotation.jar;C:\Users\Matthew\AppData\Roaming\NetBeans\7.4\modules\ext\jaxws22\api\saaj-api.jar;C:\Program Files\NetBeans 7.4\ide\modules\ext\jaxb\activation.jar;C:\Program Files\NetBeans 7.4\ide\modules\ext\jaxb\api\jaxb-api.jar;C:\Program Files\NetBeans 7.4\ide\modules\ext\jaxb\api\jsr173_1.0_api.jar" />
    <property name="sun.os.patch.level" value="" />
    <property name="java.vendor.url" value="http://java.oracle.com/" />
    <property name="java.version" value="1.7.0_51" />
    <property name="nb.show.statistics.ui" value="usageStatisticsEnabled" />
    <property name="libs.testng.src" value="" />
    <property name="javac.debug" value="true" />
    <property name="org.openide.major.version" value="IDE/1" />
    <property name="libs.JAXB-ENDORSED.classpath" value="C:\Program Files\NetBeans 7.4\ide\modules\ext\jaxb\api\jaxb-api.jar" />
    <property name="run.classpath" value="C:\Users\Matthew\AppData\Roaming\NetBeans\7.4\modules\ext\junit-4.10.jar:build/classes" />
    <property name="libs.PostgreSQLDriver.maven-pom" value="" />
    <property name="java.vendor.url.bug" value="http://bugreport.sun.com/bugreport/" />
    <property name="netbeans.autoupdate.variant" value="" />
    <property name="auxiliary.org-netbeans-spi-editor-hints-projects.perProjectHintSettingsFile" value="nbproject/cfg_hints.xml" />
    <property name="libs.junit_4.maven-pom" value="" />
    <property name="netbeans.buildnumber" value="201310111528" />
    <property name="ant.project.invoked-targets" value="test" />
    <property name="ant.file.Jenkins-impl" value="C:\Users\Matthew\github\Jenkins\nbproject\build-impl.xml" />
    <property name="annotation.processing.run.all.processors" value="true" />
    <property name="manifest.file" value="manifest.mf" />
    <property name="user.name" value="Matthew" />
    <property name="jnlp.enabled" value="false" />
    <property name="manifest.custom.codebase" value="" />
    <property name="libs.testng.maven-pom" value="" />
    <property name="empty.dir" value="C:\Users\Matthew\github\Jenkins\build\empty" />
    <property name="sun.io.unicode.encoding" value="UnicodeLittle" />
    <property name="sun.jnu.encoding" value="Cp1252" />
    <property name="java.runtime.name" value="Java(TM) SE Runtime Environment" />
    <property name="application.vendor" value="Matthew" />
    <property name="jdk.home" value="C:\Program Files\Java\jdk1.7.0_51" />
    <property name="sun.awt.keepWorkingSetOnMinimize" value="true" />
    <property name="netbeans.autoupdate.version" value="1.23" />
    <property name="netbeans.dirs" value="C:\Program Files\NetBeans 7.4\nb;C:\Program Files\NetBeans 7.4\ergonomics;C:\Program Files\NetBeans 7.4\ide;C:\Program Files\NetBeans 7.4\extide;C:\Program Files\NetBeans 7.4\java;C:\Program Files\NetBeans 7.4\apisupport;C:\Program Files\NetBeans 7.4\webcommon;C:\Program Files\NetBeans 7.4\websvccommon;C:\Program Files\NetBeans 7.4\enterprise;C:\Program Files\NetBeans 7.4\mobility;C:\Program Files\NetBeans 7.4\profiler;C:\Program Files\NetBeans 7.4\python;C:\Program Files\NetBeans 7.4\php;C:\Program Files\NetBeans 7.4\identity;C:\Program Files\NetBeans 7.4\harness;C:\Program Files\NetBeans 7.4\cnd;C:\Program Files\NetBeans 7.4\dlight;C:\Program Files\NetBeans 7.4\groovy;C:\Program Files\NetBeans 7.4\extra;C:\Program Files\NetBeans 7.4\javacard;C:\Program Files\NetBeans 7.4\javafx" />
    <property name="main.class.available" value="true" />
    <property name="java.specification.name" value="Java Platform API Specification" />
    <property name="sun.awt.datatransfer.timeout" value="1000" />
    <property name="javadoc.author" value="false" />
    <property name="ap.proc.none.internal" value="" />
    <property name="user.timezone" value="" />
    <property name="nb.native.filechooser" value="false" />
    <property name="manifest.available" value="true" />
    <property name="libs.junit.javadoc" value="C:\Users\Matthew\AppData\Roaming\NetBeans\7.4\docs\junit-3.8.2-api.zip" />
    <property name="org.openide.specification.version" value="6.2" />
    <property name="user.script" value="" />
    <property name="path.separator" value=";" />
    <property name="test.photos.dir" value="/Users/Matthew/github/Jenkins" />
    <property name="testng.mode" value="testng" />
    <property name="version-output" value="java version &quot;1.7" />
    <property name="libs.jaxb.maven-pom" value="" />
    <property name="jnlp.signing" value="" />
    <property name="netbeans.accept_license_class" value="org.netbeans.license.AcceptLicense" />
    <property name="file.encoding" value="Cp1252" />
    <property name="dist.javadoc.dir" value="dist/javadoc" />
    <property name="ant.project.default-target" value="default" />
    <property name="javac.profile.cmd.line.arg" value="" />
    <property name="libs.JAXB-ENDORSED.src" value="" />
    <property name="manifest.custom.permissions" value="" />
    <property name="sun.java.command" value="org.apache.tools.ant.taskdefs.optional.junit.JUnitTestRunner CalcTest filtertrace=true haltOnError=false haltOnFailure=false showoutput=true outputtoformatters=true logfailedtests=true logtestlistenerevents=true formatter=org.apache.tools.ant.taskdefs.optional.junit.BriefJUnitResultFormatter formatter=org.apache.tools.ant.taskdefs.optional.junit.XMLJUnitResultFormatter,C:\Users\Matthew\github\Jenkins\build\test\results\TEST-CalcTest.xml crashfile=C:\Users\Matthew\github\Jenkins\build\junitvmwatcher3489925873570112377.properties propsfile=C:\Users\Matthew\github\Jenkins\build\junit2520792066836040412.properties" />
    <property name="https.nonProxyHosts" value="localhost|127.0.0.1|il-borg" />
    <property name="built-jar.properties" value="C:\Users\Matthew\github\Jenkins\build\built-jar.properties" />
    <property name="libs.junit.src" value="" />
    <property name="ant.junit.enabletestlistenerevents" value="true" />
    <property name="ant.file" value="C:\Users\Matthew\github\Jenkins\build.xml" />
    <property name="svnkit.http.methods" value="Basic" />
    <property name="libs.junit_4.src" value="C:\Users\Matthew\AppData\Roaming\NetBeans\7.4\docs\junit-4.10-sources.jar" />
    <property name="junit.available" value="true" />
    <property name="ant.file.Jenkins" value="C:\Users\Matthew\github\Jenkins\build.xml" />
    <property name="netbeans.autoupdate.language" value="en" />
    <property name="do.jar" value="true" />
    <property name="java.io.tmpdir" value="C:\Users\Matthew\AppData\Local\Temp\" />
    <property name="build.test.results.dir" value="build/test/results" />
    <property name="user.language" value="en" />
    <property name="line.separator" value="&#xd;&#xa;" />
    <property name="apple.laf.useScreenMenuBar" value="true" />
    <property name="javac.compilerargs" value="" />
    <property name="ant.file.type.Jenkins" value="file" />
    <property name="jar.compress" value="false" />
    <property name="debug-transport-by-os" value="dt_shmem" />
    <property name="libs.JWSAntTasks.src" value="" />
    <property name="java.vm.info" value="mixed mode" />
    <property name="libs.javac-api.maven-pom" value="" />
    <property name="javadoc.private" value="false" />
    <property name="annotation.processing.processors.list" value="" />
    <property name="sun.desktop" value="windows" />
    <property name="build.test.classes.dir" value="build/test/classes" />
    <property name="java.vm.specification.name" value="Java Virtual Machine Specification" />
    <property name="test-sys-prop.test.photos.dir" value="/Users/Matthew/github/Jenkins" />
    <property name="libs.jaxb.src" value="" />
    <property name="libs.MySQLDriver.javadoc" value="" />
    <property name="test.binaryexcludes" value="" />
    <property name="netbeans.dynamic.classpath" value="C:\Program Files\NetBeans 7.4\platform\core\core.jar;C:\Program Files\NetBeans 7.4\platform\core\org-openide-filesystems.jar;C:\Program Files\NetBeans 7.4\platform\core\locale\core_ja.jar;C:\Program Files\NetBeans 7.4\platform\core\locale\core_pt_BR.jar;C:\Program Files\NetBeans 7.4\platform\core\locale\core_ru.jar;C:\Program Files\NetBeans 7.4\platform\core\locale\core_zh_CN.jar;C:\Program Files\NetBeans 7.4\platform\core\locale\org-openide-filesystems_ja.jar;C:\Program Files\NetBeans 7.4\platform\core\locale\org-openide-filesystems_pt_BR.jar;C:\Program Files\NetBeans 7.4\platform\core\locale\org-openide-filesystems_ru.jar;C:\Program Files\NetBeans 7.4\platform\core\locale\org-openide-filesystems_zh_CN.jar;C:\Program Files\NetBeans 7.4\nb\core\org-netbeans-upgrader.jar;C:\Program Files\NetBeans 7.4\nb\core\locale\core_nb.jar;C:\Program Files\NetBeans 7.4\nb\core\locale\core_nb_ja.jar;C:\Program Files\NetBeans 7.4\nb\core\locale\core_nb_pt_BR.jar;C:\Program Files\NetBeans 7.4\nb\core\locale\core_nb_ru.jar;C:\Program Files\NetBeans 7.4\nb\core\locale\core_nb_zh_CN.jar;C:\Program Files\NetBeans 7.4\nb\core\locale\org-netbeans-upgrader_ja.jar;C:\Program Files\NetBeans 7.4\nb\core\locale\org-netbeans-upgrader_pt_BR.jar;C:\Program Files\NetBeans 7.4\nb\core\locale\org-netbeans-upgrader_ru.jar;C:\Program Files\NetBeans 7.4\nb\core\locale\org-netbeans-upgrader_zh_CN.jar" />
    <property name="platform.active" value="default_platform" />
    <property name="ap.cmd.line.internal" value="" />
    <property name="jdkBug6558476" value="false" />
    <property name="http.nonProxyHosts" value="localhost|127.0.0.1|il-borg" />
    <property name="libs.junit_4.javadoc" value="C:\Users\Matthew\AppData\Roaming\NetBeans\7.4\docs\junit-4.10-javadoc.jar" />
    <property name="endorsed.classpath" value="" />
    <property name="netbeans.autoupdate.country" value="GB" />
    <property name="do.mkdist" value="true" />
    <property name="javadoc.encoding" value="UTF-8" />
    <property name="java.awt.printerjob" value="sun.awt.windows.WPrinterJob" />
    <property name="ap.processors.internal" value="" />
    <property name="do.archive" value="true" />
    <property name="dist.jar" value="dist/Jenkins.jar" />
    <property name="meta.inf.dir" value="src/META-INF" />
    <property name="ant.version" value="Apache Ant(TM) version 1.9.1 compiled on May 15 2013" />
    <property name="netbeans.home" value="C:\Program Files\NetBeans 7.4\platform" />
    <property name="javadoc.nonavbar" value="false" />
    <property name="user.properties.file" value="C:\Users\Matthew\AppData\Roaming\NetBeans\7.4\build.properties" />
    <property name="libs.JWSAntTasks.classpath" value="C:\Users\Matthew\AppData\Roaming\NetBeans\7.4\ant\extra\org-netbeans-modules-javawebstart-anttasks.jar" />
    <property name="netbeans.importclass" value="org.netbeans.upgrade.AutoUpgrade" />
    <property name="annotation.processing.source.output" value="build/generated-sources/ap-source-output" />
    <property name="libs.CopyLibs.maven-pom" value="" />
    <property name="build.generated.dir" value="build/generated" />
    <property name="netbeans.home+have.tests" value="true" />
    <property name="apple.awt.graphics.UseQuartz" value="true" />
    <property name="os.name" value="Windows 8" />
    <property name="java.specification.vendor" value="Oracle Corporation" />
    <property name="nb.wait.for.caches" value="true" />
    <property name="run.test.classpath" value="C:\Users\Matthew\AppData\Roaming\NetBeans\7.4\modules\ext\junit-4.10.jar:build/classes:C:\Users\Matthew\AppData\Roaming\NetBeans\7.4\modules\ext\junit-4.10.jar:build/test/classes" />
    <property name="do.archive+main.class.available" value="true" />
    <property name="libs.CopyLibs.src" value="" />
    <property name="java.vm.name" value="Java HotSpot(TM) 64-Bit Server VM" />
    <property name="org.openide.version" value="deprecated" />
    <property name="sun.awt.enableExtraMouseButtons" value="true" />
    <property name="libs.junit.classpath" value="C:\Users\Matthew\AppData\Roaming\NetBeans\7.4\modules\ext\junit-3.8.2.jar" />
    <property name="java.library.path" value="C:\Program Files\Java\jdk1.7.0_51\jre\bin;C:\Windows\Sun\Java\bin;C:\Windows\system32;C:\Windows;C:\Program Files (x86)\Intel\iCLS Client\;C:\Program Files\Intel\iCLS Client\;C:\Program Files (x86)\NVIDIA Corporation\PhysX\Common;C:\Windows\system32;C:\Windows;C:\Windows\System32\Wbem;C:\Windows\System32\WindowsPowerShell\v1.0\;C:\Program Files\Intel\Intel(R) Management Engine Components\DAL;C:\Program Files\Intel\Intel(R) Management Engine Components\IPT;C:\Program Files (x86)\Intel\Intel(R) Management Engine Components\DAL;C:\Program Files (x86)\Intel\Intel(R) Management Engine Components\IPT;C:\Program Files (x86)\Windows Kits\8.1\Windows Performance Toolkit\;C:\Program Files\Microsoft SQL Server\110\Tools\Binn\;C:\Program Files\Microsoft\Web Platform Installer\;C:\Program Files (x86)\Windows Live\Shared;C:\Program Files\MATLAB\R2012b\runtime\win64;C:\Program Files\MATLAB\R2012b\bin;C:\MinGW\include;C:\MinGW\bin;C:\MinGW\msys\1.0\bin;.;;.;;." />
    <property name="ap.supported.internal" value="true" />
    <property name="libs.PostgreSQLDriver.javadoc" value="" />
    <property name="ant.java.version" value="1.7" />
    <property name="java.class.version" value="51.0" />
    <property name="jna.boot.library.name" value="jnidispatch-340" />
    <property name="basedir" value="C:\Users\Matthew\github\Jenkins" />
    <property name="javadoc.noindex" value="false" />
    <property name="javac.test.classpath" value="C:\Users\Matthew\AppData\Roaming\NetBeans\7.4\modules\ext\junit-4.10.jar:build/classes:C:\Users\Matthew\AppData\Roaming\NetBeans\7.4\modules\ext\junit-4.10.jar" />
    <property name="javac.processorpath" value="C:\Users\Matthew\AppData\Roaming\NetBeans\7.4\modules\ext\junit-4.10.jar" />
    <property name="ant.home" value="C:\Users\Matthew\AppData\Roaming\NetBeans\7.4\ant" />
    <property name="javadoc.splitindex" value="true" />
    <property name="javac.test.processorpath" value="C:\Users\Matthew\AppData\Roaming\NetBeans\7.4\modules\ext\junit-4.10.jar:build/classes:C:\Users\Matthew\AppData\Roaming\NetBeans\7.4\modules\ext\junit-4.10.jar" />
    <property name="libs.javac-api.javadoc" value="" />
    <property name="javadoc.preview" value="true" />
    <property name="libs.MySQLDriver.maven-pom" value="" />
    <property name="copylibs.rebase" value="true" />
    <property name="libs.CopyLibs.javadoc" value="" />
    <property name="libs.PostgreSQLDriver.classpath" value="C:\Program Files\NetBeans 7.4\ide\modules\ext\postgresql-9.2-1002.jdbc4.jar" />
    <property name="jnlp.signing.keystore" value="" />
    <property name="junit.forkmode" value="perTest" />
    <property name="libs.jaxws21.maven-pom" value="" />
    <property name="libs.junit_4.classpath" value="C:\Users\Matthew\AppData\Roaming\NetBeans\7.4\modules\ext\junit-4.10.jar" />
    <property name="test.binarytestincludes" value="" />
    <property name="build.dir" value="build" />
    <property name="sun.boot.library.path" value="C:\Program Files\Java\jdk1.7.0_51\jre\bin" />
    <property name="dist.archive.excludes" value="" />
    <property name="application.title" value="Jenkins" />
    <property name="sun.management.compiler" value="HotSpot 64-Bit Tiered Compilers" />
    <property name="user.variant" value="" />
    <property name="libs.testng.classpath" value="C:\Program Files\NetBeans 7.4\platform\modules\ext\testng-6.8.1-dist.jar" />
    <property name="java.awt.graphicsenv" value="sun.awt.Win32GraphicsEnvironment" />
    <property name="javadoc.encoding.used" value="UTF-8" />
    <property name="libs.testng.javadoc" value="C:\Program Files\NetBeans 7.4\platform\docs\testng-6.8.1-javadoc.zip" />
    <property name="javadoc.windowtitle" value="" />
    <property name="netbeans.productversion" value="NetBeans IDE 7.4 (Build 201310111528)" />
    <property name="annotation.processing.enabled" value="true" />
    <property name="run.jvmargs.ide" value="" />
    <property name="libs.JAXB-ENDORSED.maven-pom" value="" />
    <property name="nb.junit.single" value="false" />
    <property name="build.generated.sources.dir" value="build/generated-sources" />
    <property name="run.jvmargs" value="" />
    <property name="build.compiler.emacs" value="true" />
    <property name="ant.project.name" value="Jenkins" />
    <property name="org.openide.awt.SwingBrowserImpl.do-not-block-awt" value="false" />
    <property name="java.vm.specification.version" value="1.7" />
    <property name="work.dir" value="C:\Users\Matthew\github\Jenkins" />
    <property name="libs.jaxb.classpath" value="C:\Program Files\NetBeans 7.4\ide\modules\ext\jaxb\jaxb-impl.jar;C:\Program Files\NetBeans 7.4\ide\modules\ext\jaxb\jaxb-xjc.jar;C:\Program Files\NetBeans 7.4\ide\modules\ext\jaxb\jaxb1-impl.jar;C:\Program Files\NetBeans 7.4\ide\modules\ext\jaxb\activation.jar;C:\Program Files\NetBeans 7.4\ide\modules\ext\jaxb\api\jaxb-api.jar;C:\Program Files\NetBeans 7.4\ide\modules\ext\jaxb\api\jsr173_1.0_api.jar" />
    <property name="awt.toolkit" value="sun.awt.windows.WToolkit" />
    <property name="javadoc.use" value="true" />
    <property name="sun.cpu.isalist" value="amd64" />
    <property name="java.ext.dirs" value="C:\Program Files\Java\jdk1.7.0_51\jre\lib\ext;C:\Windows\Sun\Java\lib\ext" />
    <property name="netbeans.default_userdir_root" value="C:\Users\Matthew\AppData\Roaming\NetBeans" />
    <property name="os.version" value="6.2" />
    <property name="excludes" value="" />
    <property name="jnlp.descriptor" value="application" />
    <property name="user.home" value="C:\Users\Matthew" />
    <property name="org.xml.sax.driver" value="com.sun.org.apache.xerces.internal.jaxp.SAXParserImpl$JAXPSAXParser" />
    <property name="java.vm.vendor" value="Oracle Corporation" />
    <property name="ant.file.type.Jenkins-impl" value="file" />
    <property name="user.dir" value="C:\Users\Matthew\github\Jenkins" />
    <property name="debug-transport" value="dt_shmem" />
    <property name="application.args" value="" />
    <property name="sun.cpu.endian" value="little" />
    <property name="compile.on.save" value="true" />
    <property name="ignore.failing.tests" value="true" />
    <property name="endorsed.classpath.cmd.line.arg" value="" />
    <property name="jar.index" value="false" />
    <property name="test.binaryincludes" value="&lt;nothing&gt;" />
    <property name="java.vm.version" value="24.51-b03" />
    <property name="libs.MySQLDriver.src" value="" />
    <property name="jnlp.offline-allowed" value="false" />
    <property name="java.class.path" value="C:\Users\Matthew\AppData\Roaming\NetBeans\7.4\modules\ext\junit-4.10.jar;C:\Users\Matthew\github\Jenkins\build\classes;C:\Users\Matthew\github\Jenkins\build\test\classes;C:\Users\Matthew\AppData\Roaming\NetBeans\7.4\ant\lib\ant-launcher.jar;C:\Users\Matthew\AppData\Roaming\NetBeans\7.4\ant\lib\ant.jar;C:\Users\Matthew\AppData\Roaming\NetBeans\7.4\ant\lib\ant-junit.jar;C:\Users\Matthew\AppData\Roaming\NetBeans\7.4\ant\lib\ant-junit4.jar" />
    <property name="annotation.processing.processor.options" value="" />
    <property name="nb.internal.action.name" value="test" />
    <property name="os.arch" value="amd64" />
    <property name="javac.deprecation" value="false" />
    <property name="build.classes.excludes" value="**/*.java,**/*.form" />
    <property name="dist.dir" value="dist" />
    <property name="netbeans.user" value="C:\Users\Matthew\AppData\Roaming\NetBeans\7.4" />
    <property name="debug.classpath" value="C:\Users\Matthew\AppData\Roaming\NetBeans\7.4\modules\ext\junit-4.10.jar:build/classes" />
    <property name="sun.java.launcher" value="SUN_STANDARD" />
    <property name="jar.index.metainf" value="false" />
    <property name="jnlp.codebase.type" value="no.codebase" />
    <property name="platform.java" value="C:\Program Files\Java\jdk1.7.0_51\jre/bin/java" />
    <property name="annotation.processing.enabled.in.editor" value="false" />
    <property name="ant.core.lib" value="C:\Users\Matthew\AppData\Roaming\NetBeans\7.4\ant\lib\ant.jar" />
    <property name="java.vm.specification.vendor" value="Oracle Corporation" />
    <property name="jnlp.signed" value="false" />
    <property name="do.depend" value="false" />
    <property name="file.separator" value="\" />
    <property name="java.runtime.version" value="1.7.0_51-b13" />
    <property name="sun.boot.class.path" value="C:\Program Files\Java\jdk1.7.0_51\jre\lib\resources.jar;C:\Program Files\Java\jdk1.7.0_51\jre\lib\rt.jar;C:\Program Files\Java\jdk1.7.0_51\jre\lib\sunrsasign.jar;C:\Program Files\Java\jdk1.7.0_51\jre\lib\jsse.jar;C:\Program Files\Java\jdk1.7.0_51\jre\lib\jce.jar;C:\Program Files\Java\jdk1.7.0_51\jre\lib\charsets.jar;C:\Program Files\Java\jdk1.7.0_51\jre\lib\jfr.jar;C:\Program Files\Java\jdk1.7.0_51\jre\classes" />
    <property name="debug.test.classpath" value="C:\Users\Matthew\AppData\Roaming\NetBeans\7.4\modules\ext\junit-4.10.jar:build/classes:C:\Users\Matthew\AppData\Roaming\NetBeans\7.4\modules\ext\junit-4.10.jar:build/test/classes" />
    <property name="nb.junit.batch" value="true" />
    <property name="have.tests" value="true" />
    <property name="main.class" value="jenkins.Jenkins" />
    <property name="jar.archive.disabled" value="false" />
    <property name="libs.JWSAntTasks.maven-pom" value="" />
    <property name="java.util.logging.config.class" value="org.netbeans.core.startup.TopLogging" />
    <property name="libs.javac-api.classpath" value="C:\Users\Matthew\AppData\Roaming\NetBeans\7.4\modules\ext\nb-javac-api.jar" />
    <property name="user.country" value="GB" />
    <property name="javadoc.notree" value="false" />
    <property name="libs.jaxws21.javadoc" value="C:\Users\Matthew\AppData\Roaming\NetBeans\7.4\docs\jaxws-api-doc.zip" />
    <property name="default.javac.target" value="1.7" />
    <property name="javac.classpath" value="C:\Users\Matthew\AppData\Roaming\NetBeans\7.4\modules\ext\junit-4.10.jar" />
    <property name="javadoc.additionalparam" value="" />
    <property name="build.classes.dir" value="build/classes" />
    <property name="do.archive+manifest.available" value="true" />
    <property name="java.vendor" value="Oracle Corporation" />
    <property name="javac.target" value="1.7" />
    <property name="runtime.encoding" value="UTF-8" />
    <property name="java.specification.version" value="1.7" />
    <property name="libs.JWSAntTasks.javadoc" value="" />
    <property name="sun.arch.data.model" value="64" />
    <property name="mkdist.disabled" value="false" />
  </properties>
  <testcase classname="CalcTest" name="TestCalc" time="0.003" />
  <system-out><![CDATA[]]></system-out>
  <system-err><![CDATA[]]></system-err>
</testsuite>
